07 May 2023 20:43:50,501 INFO  MPP_Csharp_Server_Client.FlightPersistence.repository.UserRepository 21 .ctor - Creating UserRepository 
07 May 2023 20:43:50,565 INFO  MPP_Csharp_Server_Client.FlightPersistence.repository.ZborRepository 22 .ctor - Creating ZborRepository 
07 May 2023 20:43:50,565 INFO  MPP_Csharp_Server_Client.FlightPersistence.repository.BiletRepository 21 .ctor - Creating BiletRepository 
07 May 2023 20:43:50,565 INFO  MPP_Csharp_Server_Client.FlightPersistence.repository.BiletTuristRepository 18 .ctor - Creating BiletTuristRepository 
07 May 2023 21:03:18,023 INFO  MPP_Csharp_Server_Client.FlightPersistence.repository.UserRepository 21 .ctor - Creating UserRepository 
07 May 2023 21:03:18,061 INFO  MPP_Csharp_Server_Client.FlightPersistence.repository.ZborRepository 22 .ctor - Creating ZborRepository 
07 May 2023 21:03:18,061 INFO  MPP_Csharp_Server_Client.FlightPersistence.repository.BiletRepository 21 .ctor - Creating BiletRepository 
07 May 2023 21:03:18,061 INFO  MPP_Csharp_Server_Client.FlightPersistence.repository.BiletTuristRepository 18 .ctor - Creating BiletTuristRepository 
07 May 2023 21:06:26,088 INFO  MPP_Csharp_Server_Client.FlightPersistence.repository.UserRepository 21 .ctor - Creating UserRepository 
07 May 2023 21:06:26,122 INFO  MPP_Csharp_Server_Client.FlightPersistence.repository.ZborRepository 22 .ctor - Creating ZborRepository 
07 May 2023 21:06:26,123 INFO  MPP_Csharp_Server_Client.FlightPersistence.repository.BiletRepository 21 .ctor - Creating BiletRepository 
07 May 2023 21:06:26,124 INFO  MPP_Csharp_Server_Client.FlightPersistence.repository.BiletTuristRepository 18 .ctor - Creating BiletTuristRepository 
07 May 2023 21:11:27,682 INFO  MPP_Csharp_Server_Client.FlightPersistence.repository.UserRepository 21 .ctor - Creating UserRepository 
07 May 2023 21:11:27,717 INFO  MPP_Csharp_Server_Client.FlightPersistence.repository.ZborRepository 22 .ctor - Creating ZborRepository 
07 May 2023 21:11:27,718 INFO  MPP_Csharp_Server_Client.FlightPersistence.repository.BiletRepository 21 .ctor - Creating BiletRepository 
07 May 2023 21:11:27,718 INFO  MPP_Csharp_Server_Client.FlightPersistence.repository.BiletTuristRepository 18 .ctor - Creating BiletTuristRepository 
07 May 2023 21:12:21,454 INFO  MPP_Csharp_Server_Client.FlightPersistence.repository.UserRepository 21 .ctor - Creating UserRepository 
07 May 2023 21:12:21,487 INFO  MPP_Csharp_Server_Client.FlightPersistence.repository.ZborRepository 22 .ctor - Creating ZborRepository 
07 May 2023 21:12:21,488 INFO  MPP_Csharp_Server_Client.FlightPersistence.repository.BiletRepository 21 .ctor - Creating BiletRepository 
07 May 2023 21:12:21,489 INFO  MPP_Csharp_Server_Client.FlightPersistence.repository.BiletTuristRepository 18 .ctor - Creating BiletTuristRepository 
07 May 2023 23:09:55,894 INFO  MPP_Csharp_Server_Client.FlightPersistence.repository.UserRepository 21 .ctor - Creating UserRepository 
07 May 2023 23:09:55,932 INFO  MPP_Csharp_Server_Client.FlightPersistence.repository.ZborRepository 22 .ctor - Creating ZborRepository 
07 May 2023 23:09:55,932 INFO  MPP_Csharp_Server_Client.FlightPersistence.repository.BiletRepository 21 .ctor - Creating BiletRepository 
07 May 2023 23:09:55,933 INFO  MPP_Csharp_Server_Client.FlightPersistence.repository.BiletTuristRepository 18 .ctor - Creating BiletTuristRepository 
07 May 2023 23:10:57,575 INFO  MPP_Csharp_Server_Client.FlightPersistence.repository.UserRepository 21 .ctor - Creating UserRepository 
07 May 2023 23:10:57,605 INFO  MPP_Csharp_Server_Client.FlightPersistence.repository.ZborRepository 22 .ctor - Creating ZborRepository 
07 May 2023 23:10:57,606 INFO  MPP_Csharp_Server_Client.FlightPersistence.repository.BiletRepository 21 .ctor - Creating BiletRepository 
07 May 2023 23:10:57,608 INFO  MPP_Csharp_Server_Client.FlightPersistence.repository.BiletTuristRepository 18 .ctor - Creating BiletTuristRepository 
07 May 2023 23:13:04,910 INFO  MPP_Csharp_Server_Client.FlightPersistence.repository.UserRepository 21 .ctor - Creating UserRepository 
07 May 2023 23:13:04,942 INFO  MPP_Csharp_Server_Client.FlightPersistence.repository.ZborRepository 22 .ctor - Creating ZborRepository 
07 May 2023 23:13:04,943 INFO  MPP_Csharp_Server_Client.FlightPersistence.repository.BiletRepository 21 .ctor - Creating BiletRepository 
07 May 2023 23:13:04,946 INFO  MPP_Csharp_Server_Client.FlightPersistence.repository.BiletTuristRepository 18 .ctor - Creating BiletTuristRepository 
07 May 2023 23:13:52,674 INFO  MPP_Csharp_Server_Client.FlightPersistence.repository.UserRepository 21 .ctor - Creating UserRepository 
07 May 2023 23:13:52,704 INFO  MPP_Csharp_Server_Client.FlightPersistence.repository.ZborRepository 22 .ctor - Creating ZborRepository 
07 May 2023 23:13:52,705 INFO  MPP_Csharp_Server_Client.FlightPersistence.repository.BiletRepository 21 .ctor - Creating BiletRepository 
07 May 2023 23:13:52,705 INFO  MPP_Csharp_Server_Client.FlightPersistence.repository.BiletTuristRepository 18 .ctor - Creating BiletTuristRepository 
07 May 2023 23:14:22,201 INFO  MPP_Csharp_Server_Client.FlightPersistence.repository.UserRepository 21 .ctor - Creating UserRepository 
07 May 2023 23:14:22,268 INFO  MPP_Csharp_Server_Client.FlightPersistence.repository.ZborRepository 22 .ctor - Creating ZborRepository 
07 May 2023 23:14:22,269 INFO  MPP_Csharp_Server_Client.FlightPersistence.repository.BiletRepository 21 .ctor - Creating BiletRepository 
07 May 2023 23:14:22,271 INFO  MPP_Csharp_Server_Client.FlightPersistence.repository.BiletTuristRepository 18 .ctor - Creating BiletTuristRepository 
07 May 2023 23:14:54,084 INFO  MPP_Csharp_Server_Client.FlightPersistence.repository.UserRepository 21 .ctor - Creating UserRepository 
07 May 2023 23:14:54,126 INFO  MPP_Csharp_Server_Client.FlightPersistence.repository.ZborRepository 22 .ctor - Creating ZborRepository 
07 May 2023 23:14:54,127 INFO  MPP_Csharp_Server_Client.FlightPersistence.repository.BiletRepository 21 .ctor - Creating BiletRepository 
07 May 2023 23:14:54,127 INFO  MPP_Csharp_Server_Client.FlightPersistence.repository.BiletTuristRepository 18 .ctor - Creating BiletTuristRepository 
07 May 2023 23:16:04,544 INFO  MPP_Csharp_Server_Client.FlightPersistence.repository.UserRepository 21 .ctor - Creating UserRepository 
07 May 2023 23:16:04,581 INFO  MPP_Csharp_Server_Client.FlightPersistence.repository.ZborRepository 22 .ctor - Creating ZborRepository 
07 May 2023 23:16:04,582 INFO  MPP_Csharp_Server_Client.FlightPersistence.repository.BiletRepository 21 .ctor - Creating BiletRepository 
07 May 2023 23:16:04,582 INFO  MPP_Csharp_Server_Client.FlightPersistence.repository.BiletTuristRepository 18 .ctor - Creating BiletTuristRepository 
07 May 2023 23:17:46,204 INFO  MPP_Csharp_Server_Client.FlightPersistence.repository.UserRepository 21 .ctor - Creating UserRepository 
07 May 2023 23:17:46,248 INFO  MPP_Csharp_Server_Client.FlightPersistence.repository.ZborRepository 22 .ctor - Creating ZborRepository 
07 May 2023 23:17:46,250 INFO  MPP_Csharp_Server_Client.FlightPersistence.repository.BiletRepository 21 .ctor - Creating BiletRepository 
07 May 2023 23:17:46,251 INFO  MPP_Csharp_Server_Client.FlightPersistence.repository.BiletTuristRepository 18 .ctor - Creating BiletTuristRepository 
07 May 2023 23:19:16,392 INFO  MPP_Csharp_Server_Client.FlightPersistence.repository.UserRepository 21 .ctor - Creating UserRepository 
07 May 2023 23:19:16,440 INFO  MPP_Csharp_Server_Client.FlightPersistence.repository.ZborRepository 22 .ctor - Creating ZborRepository 
07 May 2023 23:19:16,440 INFO  MPP_Csharp_Server_Client.FlightPersistence.repository.BiletRepository 21 .ctor - Creating BiletRepository 
07 May 2023 23:19:16,440 INFO  MPP_Csharp_Server_Client.FlightPersistence.repository.BiletTuristRepository 18 .ctor - Creating BiletTuristRepository 
07 May 2023 23:21:00,176 INFO  MPP_Csharp_Server_Client.FlightPersistence.repository.UserRepository 21 .ctor - Creating UserRepository 
07 May 2023 23:21:00,217 INFO  MPP_Csharp_Server_Client.FlightPersistence.repository.ZborRepository 22 .ctor - Creating ZborRepository 
07 May 2023 23:21:00,219 INFO  MPP_Csharp_Server_Client.FlightPersistence.repository.BiletRepository 21 .ctor - Creating BiletRepository 
07 May 2023 23:21:00,219 INFO  MPP_Csharp_Server_Client.FlightPersistence.repository.BiletTuristRepository 18 .ctor - Creating BiletTuristRepository 
07 May 2023 23:28:03,821 INFO  MPP_Csharp_Server_Client.FlightPersistence.repository.UserRepository 21 .ctor - Creating UserRepository 
07 May 2023 23:28:03,872 INFO  MPP_Csharp_Server_Client.FlightPersistence.repository.ZborRepository 22 .ctor - Creating ZborRepository 
07 May 2023 23:28:03,872 INFO  MPP_Csharp_Server_Client.FlightPersistence.repository.BiletRepository 21 .ctor - Creating BiletRepository 
07 May 2023 23:28:03,872 INFO  MPP_Csharp_Server_Client.FlightPersistence.repository.BiletTuristRepository 18 .ctor - Creating BiletTuristRepository 
08 May 2023 00:30:06,679 INFO  MPP_Csharp_Server_Client.FlightPersistence.repository.UserRepository 21 .ctor - Creating UserRepository 
08 May 2023 00:30:06,733 INFO  MPP_Csharp_Server_Client.FlightPersistence.repository.ZborRepository 22 .ctor - Creating ZborRepository 
08 May 2023 00:30:06,734 INFO  MPP_Csharp_Server_Client.FlightPersistence.repository.BiletRepository 21 .ctor - Creating BiletRepository 
08 May 2023 00:30:06,734 INFO  MPP_Csharp_Server_Client.FlightPersistence.repository.BiletTuristRepository 18 .ctor - Creating BiletTuristRepository 
08 May 2023 00:31:27,727 INFO  MPP_Csharp_Server_Client.FlightPersistence.repository.UserRepository 21 .ctor - Creating UserRepository 
08 May 2023 00:31:27,777 INFO  MPP_Csharp_Server_Client.FlightPersistence.repository.ZborRepository 22 .ctor - Creating ZborRepository 
08 May 2023 00:31:27,777 INFO  MPP_Csharp_Server_Client.FlightPersistence.repository.BiletRepository 21 .ctor - Creating BiletRepository 
08 May 2023 00:31:27,778 INFO  MPP_Csharp_Server_Client.FlightPersistence.repository.BiletTuristRepository 18 .ctor - Creating BiletTuristRepository 
08 May 2023 00:33:55,996 INFO  MPP_Csharp_Server_Client.FlightPersistence.repository.UserRepository 21 .ctor - Creating UserRepository 
08 May 2023 00:33:56,036 INFO  MPP_Csharp_Server_Client.FlightPersistence.repository.ZborRepository 22 .ctor - Creating ZborRepository 
08 May 2023 00:33:56,037 INFO  MPP_Csharp_Server_Client.FlightPersistence.repository.BiletRepository 21 .ctor - Creating BiletRepository 
08 May 2023 00:33:56,037 INFO  MPP_Csharp_Server_Client.FlightPersistence.repository.BiletTuristRepository 18 .ctor - Creating BiletTuristRepository 
08 May 2023 00:36:12,921 INFO  MPP_Csharp_Server_Client.FlightPersistence.repository.UserRepository 21 .ctor - Creating UserRepository 
08 May 2023 00:36:12,961 INFO  MPP_Csharp_Server_Client.FlightPersistence.repository.ZborRepository 22 .ctor - Creating ZborRepository 
08 May 2023 00:36:12,962 INFO  MPP_Csharp_Server_Client.FlightPersistence.repository.BiletRepository 21 .ctor - Creating BiletRepository 
08 May 2023 00:36:12,963 INFO  MPP_Csharp_Server_Client.FlightPersistence.repository.BiletTuristRepository 18 .ctor - Creating BiletTuristRepository 
08 May 2023 00:36:57,662 INFO  MPP_Csharp_Server_Client.FlightPersistence.repository.UserRepository 21 .ctor - Creating UserRepository 
08 May 2023 00:36:57,712 INFO  MPP_Csharp_Server_Client.FlightPersistence.repository.ZborRepository 22 .ctor - Creating ZborRepository 
08 May 2023 00:36:57,713 INFO  MPP_Csharp_Server_Client.FlightPersistence.repository.BiletRepository 21 .ctor - Creating BiletRepository 
08 May 2023 00:36:57,714 INFO  MPP_Csharp_Server_Client.FlightPersistence.repository.BiletTuristRepository 18 .ctor - Creating BiletTuristRepository 
08 May 2023 00:44:05,787 INFO  MPP_Csharp_Server_Client.FlightPersistence.repository.UserRepository 21 .ctor - Creating UserRepository 
08 May 2023 00:44:05,825 INFO  MPP_Csharp_Server_Client.FlightPersistence.repository.ZborRepository 22 .ctor - Creating ZborRepository 
08 May 2023 00:44:05,825 INFO  MPP_Csharp_Server_Client.FlightPersistence.repository.BiletRepository 21 .ctor - Creating BiletRepository 
08 May 2023 00:44:05,826 INFO  MPP_Csharp_Server_Client.FlightPersistence.repository.BiletTuristRepository 18 .ctor - Creating BiletTuristRepository 
08 May 2023 00:45:00,056 INFO  MPP_Csharp_Server_Client.FlightPersistence.repository.UserRepository 21 .ctor - Creating UserRepository 
08 May 2023 00:45:00,101 INFO  MPP_Csharp_Server_Client.FlightPersistence.repository.ZborRepository 22 .ctor - Creating ZborRepository 
08 May 2023 00:45:00,102 INFO  MPP_Csharp_Server_Client.FlightPersistence.repository.BiletRepository 21 .ctor - Creating BiletRepository 
08 May 2023 00:45:00,103 INFO  MPP_Csharp_Server_Client.FlightPersistence.repository.BiletTuristRepository 18 .ctor - Creating BiletTuristRepository 
08 May 2023 11:48:54,195 INFO  MPP_Csharp_Server_Client.FlightPersistence.repository.UserRepository 21 .ctor - Creating UserRepository 
08 May 2023 11:48:54,224 INFO  MPP_Csharp_Server_Client.FlightPersistence.repository.ZborRepository 22 .ctor - Creating ZborRepository 
08 May 2023 11:48:54,226 INFO  MPP_Csharp_Server_Client.FlightPersistence.repository.BiletRepository 21 .ctor - Creating BiletRepository 
08 May 2023 11:48:54,226 INFO  MPP_Csharp_Server_Client.FlightPersistence.repository.BiletTuristRepository 18 .ctor - Creating BiletTuristRepository 
08 May 2023 11:52:14,893 INFO  MPP_Csharp_Server_Client.FlightPersistence.repository.UserRepository 21 .ctor - Creating UserRepository 
08 May 2023 11:52:14,938 INFO  MPP_Csharp_Server_Client.FlightPersistence.repository.ZborRepository 22 .ctor - Creating ZborRepository 
08 May 2023 11:52:14,939 INFO  MPP_Csharp_Server_Client.FlightPersistence.repository.BiletRepository 21 .ctor - Creating BiletRepository 
08 May 2023 11:52:14,940 INFO  MPP_Csharp_Server_Client.FlightPersistence.repository.BiletTuristRepository 18 .ctor - Creating BiletTuristRepository 
08 May 2023 12:08:15,980 INFO  MPP_Csharp_Server_Client.FlightPersistence.repository.UserRepository 21 .ctor - Creating UserRepository 
08 May 2023 12:08:16,016 INFO  MPP_Csharp_Server_Client.FlightPersistence.repository.ZborRepository 22 .ctor - Creating ZborRepository 
08 May 2023 12:08:16,017 INFO  MPP_Csharp_Server_Client.FlightPersistence.repository.BiletRepository 21 .ctor - Creating BiletRepository 
08 May 2023 12:08:16,018 INFO  MPP_Csharp_Server_Client.FlightPersistence.repository.BiletTuristRepository 18 .ctor - Creating BiletTuristRepository 
08 May 2023 12:10:08,647 INFO  MPP_Csharp_Server_Client.FlightPersistence.repository.UserRepository 21 .ctor - Creating UserRepository 
08 May 2023 12:10:08,707 INFO  MPP_Csharp_Server_Client.FlightPersistence.repository.ZborRepository 22 .ctor - Creating ZborRepository 
08 May 2023 12:10:08,708 INFO  MPP_Csharp_Server_Client.FlightPersistence.repository.BiletRepository 21 .ctor - Creating BiletRepository 
08 May 2023 12:10:08,709 INFO  MPP_Csharp_Server_Client.FlightPersistence.repository.BiletTuristRepository 18 .ctor - Creating BiletTuristRepository 
08 May 2023 12:13:10,670 INFO  MPP_Csharp_Server_Client.FlightPersistence.repository.UserRepository 21 .ctor - Creating UserRepository 
08 May 2023 12:13:10,702 INFO  MPP_Csharp_Server_Client.FlightPersistence.repository.ZborRepository 22 .ctor - Creating ZborRepository 
08 May 2023 12:13:10,703 INFO  MPP_Csharp_Server_Client.FlightPersistence.repository.BiletRepository 21 .ctor - Creating BiletRepository 
08 May 2023 12:13:10,704 INFO  MPP_Csharp_Server_Client.FlightPersistence.repository.BiletTuristRepository 18 .ctor - Creating BiletTuristRepository 
08 May 2023 12:17:02,343 INFO  MPP_Csharp_Server_Client.FlightPersistence.repository.UserRepository 21 .ctor - Creating UserRepository 
08 May 2023 12:17:02,373 INFO  MPP_Csharp_Server_Client.FlightPersistence.repository.ZborRepository 22 .ctor - Creating ZborRepository 
08 May 2023 12:17:02,374 INFO  MPP_Csharp_Server_Client.FlightPersistence.repository.BiletRepository 21 .ctor - Creating BiletRepository 
08 May 2023 12:17:02,374 INFO  MPP_Csharp_Server_Client.FlightPersistence.repository.BiletTuristRepository 18 .ctor - Creating BiletTuristRepository 
08 May 2023 12:18:57,742 INFO  MPP_Csharp_Server_Client.FlightPersistence.repository.UserRepository 21 .ctor - Creating UserRepository 
08 May 2023 12:18:57,778 INFO  MPP_Csharp_Server_Client.FlightPersistence.repository.ZborRepository 22 .ctor - Creating ZborRepository 
08 May 2023 12:18:57,779 INFO  MPP_Csharp_Server_Client.FlightPersistence.repository.BiletRepository 21 .ctor - Creating BiletRepository 
08 May 2023 12:18:57,779 INFO  MPP_Csharp_Server_Client.FlightPersistence.repository.BiletTuristRepository 18 .ctor - Creating BiletTuristRepository 
08 May 2023 12:23:48,642 INFO  MPP_Csharp_Server_Client.FlightPersistence.repository.UserRepository 21 .ctor - Creating UserRepository 
08 May 2023 12:23:48,683 INFO  MPP_Csharp_Server_Client.FlightPersistence.repository.ZborRepository 22 .ctor - Creating ZborRepository 
08 May 2023 12:23:48,684 INFO  MPP_Csharp_Server_Client.FlightPersistence.repository.BiletRepository 21 .ctor - Creating BiletRepository 
08 May 2023 12:23:48,685 INFO  MPP_Csharp_Server_Client.FlightPersistence.repository.BiletTuristRepository 18 .ctor - Creating BiletTuristRepository 
08 May 2023 12:27:01,544 INFO  MPP_Csharp_Server_Client.FlightPersistence.repository.UserRepository 21 .ctor - Creating UserRepository 
08 May 2023 12:27:01,573 INFO  MPP_Csharp_Server_Client.FlightPersistence.repository.ZborRepository 22 .ctor - Creating ZborRepository 
08 May 2023 12:27:01,574 INFO  MPP_Csharp_Server_Client.FlightPersistence.repository.BiletRepository 21 .ctor - Creating BiletRepository 
08 May 2023 12:27:01,575 INFO  MPP_Csharp_Server_Client.FlightPersistence.repository.BiletTuristRepository 18 .ctor - Creating BiletTuristRepository 
08 May 2023 12:29:10,951 INFO  MPP_Csharp_Server_Client.FlightPersistence.repository.UserRepository 21 .ctor - Creating UserRepository 
08 May 2023 12:29:10,972 INFO  MPP_Csharp_Server_Client.FlightPersistence.repository.ZborRepository 22 .ctor - Creating ZborRepository 
08 May 2023 12:29:10,972 INFO  MPP_Csharp_Server_Client.FlightPersistence.repository.BiletRepository 21 .ctor - Creating BiletRepository 
08 May 2023 12:29:10,973 INFO  MPP_Csharp_Server_Client.FlightPersistence.repository.BiletTuristRepository 18 .ctor - Creating BiletTuristRepository 
08 May 2023 12:31:37,934 INFO  MPP_Csharp_Server_Client.FlightPersistence.repository.UserRepository 21 .ctor - Creating UserRepository 
08 May 2023 12:31:37,956 INFO  MPP_Csharp_Server_Client.FlightPersistence.repository.ZborRepository 22 .ctor - Creating ZborRepository 
08 May 2023 12:31:37,956 INFO  MPP_Csharp_Server_Client.FlightPersistence.repository.BiletRepository 21 .ctor - Creating BiletRepository 
08 May 2023 12:31:37,957 INFO  MPP_Csharp_Server_Client.FlightPersistence.repository.BiletTuristRepository 18 .ctor - Creating BiletTuristRepository 
08 May 2023 12:32:22,573 INFO  MPP_Csharp_Server_Client.FlightPersistence.repository.UserRepository 21 .ctor - Creating UserRepository 
08 May 2023 12:32:22,595 INFO  MPP_Csharp_Server_Client.FlightPersistence.repository.ZborRepository 22 .ctor - Creating ZborRepository 
08 May 2023 12:32:22,595 INFO  MPP_Csharp_Server_Client.FlightPersistence.repository.BiletRepository 21 .ctor - Creating BiletRepository 
08 May 2023 12:32:22,596 INFO  MPP_Csharp_Server_Client.FlightPersistence.repository.BiletTuristRepository 18 .ctor - Creating BiletTuristRepository 
08 May 2023 12:38:21,142 INFO  MPP_Csharp_Server_Client.FlightPersistence.repository.UserRepository 21 .ctor - Creating UserRepository 
08 May 2023 12:38:21,166 INFO  MPP_Csharp_Server_Client.FlightPersistence.repository.ZborRepository 22 .ctor - Creating ZborRepository 
08 May 2023 12:38:21,167 INFO  MPP_Csharp_Server_Client.FlightPersistence.repository.BiletRepository 21 .ctor - Creating BiletRepository 
08 May 2023 12:38:21,168 INFO  MPP_Csharp_Server_Client.FlightPersistence.repository.BiletTuristRepository 18 .ctor - Creating BiletTuristRepository 
08 May 2023 12:39:40,924 INFO  MPP_Csharp_Server_Client.FlightPersistence.repository.UserRepository 21 .ctor - Creating UserRepository 
08 May 2023 12:39:40,945 INFO  MPP_Csharp_Server_Client.FlightPersistence.repository.ZborRepository 22 .ctor - Creating ZborRepository 
08 May 2023 12:39:40,945 INFO  MPP_Csharp_Server_Client.FlightPersistence.repository.BiletRepository 21 .ctor - Creating BiletRepository 
08 May 2023 12:39:40,946 INFO  MPP_Csharp_Server_Client.FlightPersistence.repository.BiletTuristRepository 18 .ctor - Creating BiletTuristRepository 
08 May 2023 12:48:48,736 INFO  MPP_Csharp_Server_Client.FlightPersistence.repository.UserRepository 21 .ctor - Creating UserRepository 
08 May 2023 12:48:48,756 INFO  MPP_Csharp_Server_Client.FlightPersistence.repository.ZborRepository 22 .ctor - Creating ZborRepository 
08 May 2023 12:48:48,756 INFO  MPP_Csharp_Server_Client.FlightPersistence.repository.BiletRepository 21 .ctor - Creating BiletRepository 
08 May 2023 12:48:48,757 INFO  MPP_Csharp_Server_Client.FlightPersistence.repository.BiletTuristRepository 18 .ctor - Creating BiletTuristRepository 
08 May 2023 12:51:29,000 INFO  MPP_Csharp_Server_Client.FlightPersistence.repository.UserRepository 21 .ctor - Creating UserRepository 
08 May 2023 12:51:29,022 INFO  MPP_Csharp_Server_Client.FlightPersistence.repository.ZborRepository 22 .ctor - Creating ZborRepository 
08 May 2023 12:51:29,022 INFO  MPP_Csharp_Server_Client.FlightPersistence.repository.BiletRepository 21 .ctor - Creating BiletRepository 
08 May 2023 12:51:29,023 INFO  MPP_Csharp_Server_Client.FlightPersistence.repository.BiletTuristRepository 18 .ctor - Creating BiletTuristRepository 
08 May 2023 12:55:52,052 INFO  MPP_Csharp_Server_Client.FlightPersistence.repository.UserRepository 21 .ctor - Creating UserRepository 
08 May 2023 12:55:52,076 INFO  MPP_Csharp_Server_Client.FlightPersistence.repository.ZborRepository 22 .ctor - Creating ZborRepository 
08 May 2023 12:55:52,077 INFO  MPP_Csharp_Server_Client.FlightPersistence.repository.BiletRepository 21 .ctor - Creating BiletRepository 
08 May 2023 12:55:52,077 INFO  MPP_Csharp_Server_Client.FlightPersistence.repository.BiletTuristRepository 18 .ctor - Creating BiletTuristRepository 
08 May 2023 12:56:52,476 INFO  MPP_Csharp_Server_Client.FlightPersistence.repository.UserRepository 21 .ctor - Creating UserRepository 
08 May 2023 12:56:52,504 INFO  MPP_Csharp_Server_Client.FlightPersistence.repository.ZborRepository 22 .ctor - Creating ZborRepository 
08 May 2023 12:56:52,504 INFO  MPP_Csharp_Server_Client.FlightPersistence.repository.BiletRepository 21 .ctor - Creating BiletRepository 
08 May 2023 12:56:52,505 INFO  MPP_Csharp_Server_Client.FlightPersistence.repository.BiletTuristRepository 18 .ctor - Creating BiletTuristRepository 
08 May 2023 12:59:04,592 INFO  MPP_Csharp_Server_Client.FlightPersistence.repository.UserRepository 21 .ctor - Creating UserRepository 
08 May 2023 12:59:04,614 INFO  MPP_Csharp_Server_Client.FlightPersistence.repository.ZborRepository 22 .ctor - Creating ZborRepository 
08 May 2023 12:59:04,614 INFO  MPP_Csharp_Server_Client.FlightPersistence.repository.BiletRepository 21 .ctor - Creating BiletRepository 
08 May 2023 12:59:04,615 INFO  MPP_Csharp_Server_Client.FlightPersistence.repository.BiletTuristRepository 18 .ctor - Creating BiletTuristRepository 
08 May 2023 13:07:58,549 INFO  MPP_Csharp_Server_Client.FlightPersistence.repository.UserRepository 21 .ctor - Creating UserRepository 
08 May 2023 13:07:58,571 INFO  MPP_Csharp_Server_Client.FlightPersistence.repository.ZborRepository 22 .ctor - Creating ZborRepository 
08 May 2023 13:07:58,572 INFO  MPP_Csharp_Server_Client.FlightPersistence.repository.BiletRepository 21 .ctor - Creating BiletRepository 
08 May 2023 13:07:58,572 INFO  MPP_Csharp_Server_Client.FlightPersistence.repository.BiletTuristRepository 18 .ctor - Creating BiletTuristRepository 
08 May 2023 13:09:10,164 INFO  MPP_Csharp_Server_Client.FlightPersistence.repository.UserRepository 21 .ctor - Creating UserRepository 
08 May 2023 13:09:10,185 INFO  MPP_Csharp_Server_Client.FlightPersistence.repository.ZborRepository 22 .ctor - Creating ZborRepository 
08 May 2023 13:09:10,185 INFO  MPP_Csharp_Server_Client.FlightPersistence.repository.BiletRepository 21 .ctor - Creating BiletRepository 
08 May 2023 13:09:10,186 INFO  MPP_Csharp_Server_Client.FlightPersistence.repository.BiletTuristRepository 18 .ctor - Creating BiletTuristRepository 
08 May 2023 13:11:35,908 INFO  MPP_Csharp_Server_Client.FlightPersistence.repository.UserRepository 21 .ctor - Creating UserRepository 
08 May 2023 13:11:35,932 INFO  MPP_Csharp_Server_Client.FlightPersistence.repository.ZborRepository 22 .ctor - Creating ZborRepository 
08 May 2023 13:11:35,932 INFO  MPP_Csharp_Server_Client.FlightPersistence.repository.BiletRepository 21 .ctor - Creating BiletRepository 
08 May 2023 13:11:35,933 INFO  MPP_Csharp_Server_Client.FlightPersistence.repository.BiletTuristRepository 18 .ctor - Creating BiletTuristRepository 
08 May 2023 13:13:41,008 INFO  MPP_Csharp_Server_Client.FlightPersistence.repository.UserRepository 21 .ctor - Creating UserRepository 
08 May 2023 13:13:41,031 INFO  MPP_Csharp_Server_Client.FlightPersistence.repository.ZborRepository 22 .ctor - Creating ZborRepository 
08 May 2023 13:13:41,032 INFO  MPP_Csharp_Server_Client.FlightPersistence.repository.BiletRepository 21 .ctor - Creating BiletRepository 
08 May 2023 13:13:41,032 INFO  MPP_Csharp_Server_Client.FlightPersistence.repository.BiletTuristRepository 18 .ctor - Creating BiletTuristRepository 
08 May 2023 13:14:15,841 INFO  MPP_Csharp_Server_Client.FlightPersistence.repository.BiletRepository 75 save - Entering ... with value MPP_Csharp_Server_Client.FlightModel.domain.Bilet
08 May 2023 13:15:25,463 INFO  MPP_Csharp_Server_Client.FlightPersistence.repository.UserRepository 21 .ctor - Creating UserRepository 
08 May 2023 13:15:25,486 INFO  MPP_Csharp_Server_Client.FlightPersistence.repository.ZborRepository 22 .ctor - Creating ZborRepository 
08 May 2023 13:15:25,486 INFO  MPP_Csharp_Server_Client.FlightPersistence.repository.BiletRepository 21 .ctor - Creating BiletRepository 
08 May 2023 13:15:25,487 INFO  MPP_Csharp_Server_Client.FlightPersistence.repository.BiletTuristRepository 18 .ctor - Creating BiletTuristRepository 
08 May 2023 13:16:02,130 INFO  MPP_Csharp_Server_Client.FlightPersistence.repository.BiletRepository 75 save - Entering ... with value MPP_Csharp_Server_Client.FlightModel.domain.Bilet
08 May 2023 13:18:18,366 INFO  MPP_Csharp_Server_Client.FlightPersistence.repository.UserRepository 21 .ctor - Creating UserRepository 
08 May 2023 13:18:18,387 INFO  MPP_Csharp_Server_Client.FlightPersistence.repository.ZborRepository 22 .ctor - Creating ZborRepository 
08 May 2023 13:18:18,388 INFO  MPP_Csharp_Server_Client.FlightPersistence.repository.BiletRepository 21 .ctor - Creating BiletRepository 
08 May 2023 13:18:18,389 INFO  MPP_Csharp_Server_Client.FlightPersistence.repository.BiletTuristRepository 18 .ctor - Creating BiletTuristRepository 
08 May 2023 13:20:47,373 INFO  MPP_Csharp_Server_Client.FlightPersistence.repository.UserRepository 21 .ctor - Creating UserRepository 
08 May 2023 13:20:47,395 INFO  MPP_Csharp_Server_Client.FlightPersistence.repository.ZborRepository 22 .ctor - Creating ZborRepository 
08 May 2023 13:20:47,396 INFO  MPP_Csharp_Server_Client.FlightPersistence.repository.BiletRepository 21 .ctor - Creating BiletRepository 
08 May 2023 13:20:47,396 INFO  MPP_Csharp_Server_Client.FlightPersistence.repository.BiletTuristRepository 18 .ctor - Creating BiletTuristRepository 
08 May 2023 13:21:23,858 INFO  MPP_Csharp_Server_Client.FlightPersistence.repository.BiletRepository 75 save - Entering ... with value MPP_Csharp_Server_Client.FlightModel.domain.Bilet
08 May 2023 13:23:24,751 INFO  MPP_Csharp_Server_Client.FlightPersistence.repository.UserRepository 21 .ctor - Creating UserRepository 
08 May 2023 13:23:24,773 INFO  MPP_Csharp_Server_Client.FlightPersistence.repository.ZborRepository 22 .ctor - Creating ZborRepository 
08 May 2023 13:23:24,774 INFO  MPP_Csharp_Server_Client.FlightPersistence.repository.BiletRepository 21 .ctor - Creating BiletRepository 
08 May 2023 13:23:24,774 INFO  MPP_Csharp_Server_Client.FlightPersistence.repository.BiletTuristRepository 18 .ctor - Creating BiletTuristRepository 
08 May 2023 13:24:59,962 INFO  MPP_Csharp_Server_Client.FlightPersistence.repository.UserRepository 21 .ctor - Creating UserRepository 
08 May 2023 13:24:59,985 INFO  MPP_Csharp_Server_Client.FlightPersistence.repository.ZborRepository 22 .ctor - Creating ZborRepository 
08 May 2023 13:24:59,985 INFO  MPP_Csharp_Server_Client.FlightPersistence.repository.BiletRepository 21 .ctor - Creating BiletRepository 
08 May 2023 13:24:59,985 INFO  MPP_Csharp_Server_Client.FlightPersistence.repository.BiletTuristRepository 18 .ctor - Creating BiletTuristRepository 
08 May 2023 13:25:42,316 INFO  MPP_Csharp_Server_Client.FlightPersistence.repository.BiletRepository 75 save - Entering ... with value MPP_Csharp_Server_Client.FlightModel.domain.Bilet
08 May 2023 13:27:23,686 INFO  MPP_Csharp_Server_Client.FlightPersistence.repository.UserRepository 21 .ctor - Creating UserRepository 
08 May 2023 13:27:23,707 INFO  MPP_Csharp_Server_Client.FlightPersistence.repository.ZborRepository 22 .ctor - Creating ZborRepository 
08 May 2023 13:27:23,707 INFO  MPP_Csharp_Server_Client.FlightPersistence.repository.BiletRepository 21 .ctor - Creating BiletRepository 
08 May 2023 13:27:23,709 INFO  MPP_Csharp_Server_Client.FlightPersistence.repository.BiletTuristRepository 18 .ctor - Creating BiletTuristRepository 
08 May 2023 13:27:59,611 INFO  MPP_Csharp_Server_Client.FlightPersistence.repository.BiletRepository 75 save - Entering ... with value MPP_Csharp_Server_Client.FlightModel.domain.Bilet
08 May 2023 13:29:23,791 INFO  MPP_Csharp_Server_Client.FlightPersistence.repository.UserRepository 21 .ctor - Creating UserRepository 
08 May 2023 13:29:23,818 INFO  MPP_Csharp_Server_Client.FlightPersistence.repository.ZborRepository 22 .ctor - Creating ZborRepository 
08 May 2023 13:29:23,818 INFO  MPP_Csharp_Server_Client.FlightPersistence.repository.BiletRepository 21 .ctor - Creating BiletRepository 
08 May 2023 13:29:23,820 INFO  MPP_Csharp_Server_Client.FlightPersistence.repository.BiletTuristRepository 18 .ctor - Creating BiletTuristRepository 
08 May 2023 13:30:12,808 INFO  MPP_Csharp_Server_Client.FlightPersistence.repository.UserRepository 21 .ctor - Creating UserRepository 
08 May 2023 13:30:12,829 INFO  MPP_Csharp_Server_Client.FlightPersistence.repository.ZborRepository 22 .ctor - Creating ZborRepository 
08 May 2023 13:30:12,830 INFO  MPP_Csharp_Server_Client.FlightPersistence.repository.BiletRepository 21 .ctor - Creating BiletRepository 
08 May 2023 13:30:12,831 INFO  MPP_Csharp_Server_Client.FlightPersistence.repository.BiletTuristRepository 18 .ctor - Creating BiletTuristRepository 
08 May 2023 13:30:47,220 INFO  MPP_Csharp_Server_Client.FlightPersistence.repository.BiletRepository 75 save - Entering ... with value MPP_Csharp_Server_Client.FlightModel.domain.Bilet
08 May 2023 14:34:01,470 INFO  MPP_Csharp_Server_Client.FlightPersistence.repository.UserRepository 21 .ctor - Creating UserRepository 
08 May 2023 14:34:01,525 INFO  MPP_Csharp_Server_Client.FlightPersistence.repository.ZborRepository 22 .ctor - Creating ZborRepository 
08 May 2023 14:34:01,527 INFO  MPP_Csharp_Server_Client.FlightPersistence.repository.BiletRepository 21 .ctor - Creating BiletRepository 
08 May 2023 14:34:01,528 INFO  MPP_Csharp_Server_Client.FlightPersistence.repository.BiletTuristRepository 18 .ctor - Creating BiletTuristRepository 
08 May 2023 14:34:43,133 INFO  MPP_Csharp_Server_Client.FlightPersistence.repository.BiletRepository 75 save - Entering ... with value MPP_Csharp_Server_Client.FlightModel.domain.Bilet
08 May 2023 14:37:55,101 INFO  MPP_Csharp_Server_Client.FlightPersistence.repository.UserRepository 21 .ctor - Creating UserRepository 
08 May 2023 14:37:55,136 INFO  MPP_Csharp_Server_Client.FlightPersistence.repository.ZborRepository 22 .ctor - Creating ZborRepository 
08 May 2023 14:37:55,137 INFO  MPP_Csharp_Server_Client.FlightPersistence.repository.BiletRepository 21 .ctor - Creating BiletRepository 
08 May 2023 14:37:55,138 INFO  MPP_Csharp_Server_Client.FlightPersistence.repository.BiletTuristRepository 18 .ctor - Creating BiletTuristRepository 
08 May 2023 14:41:24,659 INFO  MPP_Csharp_Server_Client.FlightPersistence.repository.UserRepository 21 .ctor - Creating UserRepository 
08 May 2023 14:41:24,686 INFO  MPP_Csharp_Server_Client.FlightPersistence.repository.ZborRepository 22 .ctor - Creating ZborRepository 
08 May 2023 14:41:24,687 INFO  MPP_Csharp_Server_Client.FlightPersistence.repository.BiletRepository 21 .ctor - Creating BiletRepository 
08 May 2023 14:41:24,687 INFO  MPP_Csharp_Server_Client.FlightPersistence.repository.BiletTuristRepository 18 .ctor - Creating BiletTuristRepository 
08 May 2023 14:41:57,075 INFO  MPP_Csharp_Server_Client.FlightPersistence.repository.BiletRepository 75 save - Entering ... with value MPP_Csharp_Server_Client.FlightModel.domain.Bilet
08 May 2023 14:44:52,001 INFO  MPP_Csharp_Server_Client.FlightPersistence.repository.UserRepository 21 .ctor - Creating UserRepository 
08 May 2023 14:44:52,030 INFO  MPP_Csharp_Server_Client.FlightPersistence.repository.ZborRepository 22 .ctor - Creating ZborRepository 
08 May 2023 14:44:52,030 INFO  MPP_Csharp_Server_Client.FlightPersistence.repository.BiletRepository 21 .ctor - Creating BiletRepository 
08 May 2023 14:44:52,031 INFO  MPP_Csharp_Server_Client.FlightPersistence.repository.BiletTuristRepository 18 .ctor - Creating BiletTuristRepository 
08 May 2023 14:45:27,269 INFO  MPP_Csharp_Server_Client.FlightPersistence.repository.BiletRepository 75 save - Entering ... with value MPP_Csharp_Server_Client.FlightModel.domain.Bilet
08 May 2023 14:46:16,265 INFO  MPP_Csharp_Server_Client.FlightPersistence.repository.BiletRepository 75 save - Entering ... with value MPP_Csharp_Server_Client.FlightModel.domain.Bilet
08 May 2023 14:57:07,049 INFO  MPP_Csharp_Server_Client.FlightPersistence.repository.UserRepository 21 .ctor - Creating UserRepository 
08 May 2023 14:57:07,078 INFO  MPP_Csharp_Server_Client.FlightPersistence.repository.ZborRepository 22 .ctor - Creating ZborRepository 
08 May 2023 14:57:07,078 INFO  MPP_Csharp_Server_Client.FlightPersistence.repository.BiletRepository 21 .ctor - Creating BiletRepository 
08 May 2023 14:57:07,079 INFO  MPP_Csharp_Server_Client.FlightPersistence.repository.BiletTuristRepository 18 .ctor - Creating BiletTuristRepository 
08 May 2023 14:58:24,364 INFO  MPP_Csharp_Server_Client.FlightPersistence.repository.BiletRepository 75 save - Entering ... with value MPP_Csharp_Server_Client.FlightModel.domain.Bilet
08 May 2023 15:00:33,748 INFO  MPP_Csharp_Server_Client.FlightPersistence.repository.UserRepository 21 .ctor - Creating UserRepository 
08 May 2023 15:00:33,776 INFO  MPP_Csharp_Server_Client.FlightPersistence.repository.ZborRepository 22 .ctor - Creating ZborRepository 
08 May 2023 15:00:33,777 INFO  MPP_Csharp_Server_Client.FlightPersistence.repository.BiletRepository 21 .ctor - Creating BiletRepository 
08 May 2023 15:00:33,777 INFO  MPP_Csharp_Server_Client.FlightPersistence.repository.BiletTuristRepository 18 .ctor - Creating BiletTuristRepository 
08 May 2023 15:01:19,085 INFO  MPP_Csharp_Server_Client.FlightPersistence.repository.BiletRepository 75 save - Entering ... with value MPP_Csharp_Server_Client.FlightModel.domain.Bilet
08 May 2023 15:11:23,083 INFO  MPP_Csharp_Server_Client.FlightPersistence.repository.UserRepository 21 .ctor - Creating UserRepository 
08 May 2023 15:11:23,113 INFO  MPP_Csharp_Server_Client.FlightPersistence.repository.ZborRepository 22 .ctor - Creating ZborRepository 
08 May 2023 15:11:23,113 INFO  MPP_Csharp_Server_Client.FlightPersistence.repository.BiletRepository 21 .ctor - Creating BiletRepository 
08 May 2023 15:11:23,115 INFO  MPP_Csharp_Server_Client.FlightPersistence.repository.BiletTuristRepository 18 .ctor - Creating BiletTuristRepository 
08 May 2023 15:11:57,823 INFO  MPP_Csharp_Server_Client.FlightPersistence.repository.BiletRepository 75 save - Entering ... with value MPP_Csharp_Server_Client.FlightModel.domain.Bilet
08 May 2023 15:12:56,668 INFO  MPP_Csharp_Server_Client.FlightPersistence.repository.BiletRepository 75 save - Entering ... with value MPP_Csharp_Server_Client.FlightModel.domain.Bilet
08 May 2023 15:13:57,203 INFO  MPP_Csharp_Server_Client.FlightPersistence.repository.UserRepository 21 .ctor - Creating UserRepository 
08 May 2023 15:13:57,229 INFO  MPP_Csharp_Server_Client.FlightPersistence.repository.ZborRepository 22 .ctor - Creating ZborRepository 
08 May 2023 15:13:57,230 INFO  MPP_Csharp_Server_Client.FlightPersistence.repository.BiletRepository 21 .ctor - Creating BiletRepository 
08 May 2023 15:13:57,231 INFO  MPP_Csharp_Server_Client.FlightPersistence.repository.BiletTuristRepository 18 .ctor - Creating BiletTuristRepository 
08 May 2023 15:16:07,137 INFO  MPP_Csharp_Server_Client.FlightPersistence.repository.BiletRepository 75 save - Entering ... with value MPP_Csharp_Server_Client.FlightModel.domain.Bilet
08 May 2023 15:17:32,054 INFO  MPP_Csharp_Server_Client.FlightPersistence.repository.UserRepository 21 .ctor - Creating UserRepository 
08 May 2023 15:17:32,087 INFO  MPP_Csharp_Server_Client.FlightPersistence.repository.ZborRepository 22 .ctor - Creating ZborRepository 
08 May 2023 15:17:32,088 INFO  MPP_Csharp_Server_Client.FlightPersistence.repository.BiletRepository 21 .ctor - Creating BiletRepository 
08 May 2023 15:17:32,088 INFO  MPP_Csharp_Server_Client.FlightPersistence.repository.BiletTuristRepository 18 .ctor - Creating BiletTuristRepository 
08 May 2023 15:18:39,177 INFO  MPP_Csharp_Server_Client.FlightPersistence.repository.BiletRepository 75 save - Entering ... with value MPP_Csharp_Server_Client.FlightModel.domain.Bilet
08 May 2023 15:20:45,861 INFO  MPP_Csharp_Server_Client.FlightPersistence.repository.UserRepository 21 .ctor - Creating UserRepository 
08 May 2023 15:20:45,890 INFO  MPP_Csharp_Server_Client.FlightPersistence.repository.ZborRepository 22 .ctor - Creating ZborRepository 
08 May 2023 15:20:45,891 INFO  MPP_Csharp_Server_Client.FlightPersistence.repository.BiletRepository 21 .ctor - Creating BiletRepository 
08 May 2023 15:20:45,891 INFO  MPP_Csharp_Server_Client.FlightPersistence.repository.BiletTuristRepository 18 .ctor - Creating BiletTuristRepository 
08 May 2023 15:21:32,882 INFO  MPP_Csharp_Server_Client.FlightPersistence.repository.BiletRepository 75 save - Entering ... with value MPP_Csharp_Server_Client.FlightModel.domain.Bilet
08 May 2023 15:22:33,189 INFO  MPP_Csharp_Server_Client.FlightPersistence.repository.UserRepository 21 .ctor - Creating UserRepository 
08 May 2023 15:22:33,218 INFO  MPP_Csharp_Server_Client.FlightPersistence.repository.ZborRepository 22 .ctor - Creating ZborRepository 
08 May 2023 15:22:33,219 INFO  MPP_Csharp_Server_Client.FlightPersistence.repository.BiletRepository 21 .ctor - Creating BiletRepository 
08 May 2023 15:22:33,219 INFO  MPP_Csharp_Server_Client.FlightPersistence.repository.BiletTuristRepository 18 .ctor - Creating BiletTuristRepository 
08 May 2023 16:04:29,882 INFO  MPP_Csharp_Server_Client.FlightPersistence.repository.UserRepository 21 .ctor - Creating UserRepository 
08 May 2023 16:04:29,912 INFO  MPP_Csharp_Server_Client.FlightPersistence.repository.ZborRepository 22 .ctor - Creating ZborRepository 
08 May 2023 16:04:29,913 INFO  MPP_Csharp_Server_Client.FlightPersistence.repository.BiletRepository 21 .ctor - Creating BiletRepository 
08 May 2023 16:04:29,914 INFO  MPP_Csharp_Server_Client.FlightPersistence.repository.BiletTuristRepository 18 .ctor - Creating BiletTuristRepository 
08 May 2023 16:05:12,761 INFO  MPP_Csharp_Server_Client.FlightPersistence.repository.BiletRepository 75 save - Entering ... with value MPP_Csharp_Server_Client.FlightModel.domain.Bilet
08 May 2023 16:10:28,933 INFO  MPP_Csharp_Server_Client.FlightPersistence.repository.UserRepository 21 .ctor - Creating UserRepository 
08 May 2023 16:10:28,964 INFO  MPP_Csharp_Server_Client.FlightPersistence.repository.ZborRepository 22 .ctor - Creating ZborRepository 
08 May 2023 16:10:28,964 INFO  MPP_Csharp_Server_Client.FlightPersistence.repository.BiletRepository 21 .ctor - Creating BiletRepository 
08 May 2023 16:10:28,965 INFO  MPP_Csharp_Server_Client.FlightPersistence.repository.BiletTuristRepository 18 .ctor - Creating BiletTuristRepository 
08 May 2023 16:11:07,447 INFO  MPP_Csharp_Server_Client.FlightPersistence.repository.BiletRepository 75 save - Entering ... with value MPP_Csharp_Server_Client.FlightModel.domain.Bilet
08 May 2023 16:12:59,594 INFO  MPP_Csharp_Server_Client.FlightPersistence.repository.UserRepository 21 .ctor - Creating UserRepository 
08 May 2023 16:12:59,620 INFO  MPP_Csharp_Server_Client.FlightPersistence.repository.ZborRepository 22 .ctor - Creating ZborRepository 
08 May 2023 16:12:59,620 INFO  MPP_Csharp_Server_Client.FlightPersistence.repository.BiletRepository 21 .ctor - Creating BiletRepository 
08 May 2023 16:12:59,621 INFO  MPP_Csharp_Server_Client.FlightPersistence.repository.BiletTuristRepository 18 .ctor - Creating BiletTuristRepository 
08 May 2023 16:14:23,522 INFO  MPP_Csharp_Server_Client.FlightPersistence.repository.UserRepository 21 .ctor - Creating UserRepository 
08 May 2023 16:14:23,556 INFO  MPP_Csharp_Server_Client.FlightPersistence.repository.ZborRepository 22 .ctor - Creating ZborRepository 
08 May 2023 16:14:23,557 INFO  MPP_Csharp_Server_Client.FlightPersistence.repository.BiletRepository 21 .ctor - Creating BiletRepository 
08 May 2023 16:14:23,557 INFO  MPP_Csharp_Server_Client.FlightPersistence.repository.BiletTuristRepository 18 .ctor - Creating BiletTuristRepository 
08 May 2023 16:15:16,881 INFO  MPP_Csharp_Server_Client.FlightPersistence.repository.UserRepository 21 .ctor - Creating UserRepository 
08 May 2023 16:15:16,908 INFO  MPP_Csharp_Server_Client.FlightPersistence.repository.ZborRepository 22 .ctor - Creating ZborRepository 
08 May 2023 16:15:16,908 INFO  MPP_Csharp_Server_Client.FlightPersistence.repository.BiletRepository 21 .ctor - Creating BiletRepository 
08 May 2023 16:15:16,908 INFO  MPP_Csharp_Server_Client.FlightPersistence.repository.BiletTuristRepository 18 .ctor - Creating BiletTuristRepository 
08 May 2023 16:15:53,414 INFO  MPP_Csharp_Server_Client.FlightPersistence.repository.BiletRepository 75 save - Entering ... with value MPP_Csharp_Server_Client.FlightModel.domain.Bilet
08 May 2023 16:22:04,822 INFO  MPP_Csharp_Server_Client.FlightPersistence.repository.UserRepository 21 .ctor - Creating UserRepository 
08 May 2023 16:22:04,848 INFO  MPP_Csharp_Server_Client.FlightPersistence.repository.ZborRepository 22 .ctor - Creating ZborRepository 
08 May 2023 16:22:04,848 INFO  MPP_Csharp_Server_Client.FlightPersistence.repository.BiletRepository 21 .ctor - Creating BiletRepository 
08 May 2023 16:22:04,848 INFO  MPP_Csharp_Server_Client.FlightPersistence.repository.BiletTuristRepository 18 .ctor - Creating BiletTuristRepository 
08 May 2023 16:22:32,155 INFO  MPP_Csharp_Server_Client.FlightPersistence.repository.UserRepository 21 .ctor - Creating UserRepository 
08 May 2023 16:22:32,181 INFO  MPP_Csharp_Server_Client.FlightPersistence.repository.ZborRepository 22 .ctor - Creating ZborRepository 
08 May 2023 16:22:32,182 INFO  MPP_Csharp_Server_Client.FlightPersistence.repository.BiletRepository 21 .ctor - Creating BiletRepository 
08 May 2023 16:22:32,182 INFO  MPP_Csharp_Server_Client.FlightPersistence.repository.BiletTuristRepository 18 .ctor - Creating BiletTuristRepository 
08 May 2023 16:25:58,140 INFO  MPP_Csharp_Server_Client.FlightPersistence.repository.UserRepository 21 .ctor - Creating UserRepository 
08 May 2023 16:25:58,169 INFO  MPP_Csharp_Server_Client.FlightPersistence.repository.ZborRepository 22 .ctor - Creating ZborRepository 
08 May 2023 16:25:58,169 INFO  MPP_Csharp_Server_Client.FlightPersistence.repository.BiletRepository 21 .ctor - Creating BiletRepository 
08 May 2023 16:25:58,170 INFO  MPP_Csharp_Server_Client.FlightPersistence.repository.BiletTuristRepository 18 .ctor - Creating BiletTuristRepository 
08 May 2023 16:26:03,375 INFO  MPP_Csharp_Server_Client.FlightPersistence.repository.UserRepository 21 .ctor - Creating UserRepository 
08 May 2023 16:26:03,401 INFO  MPP_Csharp_Server_Client.FlightPersistence.repository.ZborRepository 22 .ctor - Creating ZborRepository 
08 May 2023 16:26:03,402 INFO  MPP_Csharp_Server_Client.FlightPersistence.repository.BiletRepository 21 .ctor - Creating BiletRepository 
08 May 2023 16:26:03,402 INFO  MPP_Csharp_Server_Client.FlightPersistence.repository.BiletTuristRepository 18 .ctor - Creating BiletTuristRepository 
08 May 2023 16:27:10,805 INFO  MPP_Csharp_Server_Client.FlightPersistence.repository.UserRepository 21 .ctor - Creating UserRepository 
08 May 2023 16:27:10,831 INFO  MPP_Csharp_Server_Client.FlightPersistence.repository.ZborRepository 22 .ctor - Creating ZborRepository 
08 May 2023 16:27:10,832 INFO  MPP_Csharp_Server_Client.FlightPersistence.repository.BiletRepository 21 .ctor - Creating BiletRepository 
08 May 2023 16:27:10,832 INFO  MPP_Csharp_Server_Client.FlightPersistence.repository.BiletTuristRepository 18 .ctor - Creating BiletTuristRepository 
08 May 2023 16:31:41,094 INFO  MPP_Csharp_Server_Client.FlightPersistence.repository.UserRepository 21 .ctor - Creating UserRepository 
08 May 2023 16:31:41,122 INFO  MPP_Csharp_Server_Client.FlightPersistence.repository.ZborRepository 22 .ctor - Creating ZborRepository 
08 May 2023 16:31:41,122 INFO  MPP_Csharp_Server_Client.FlightPersistence.repository.BiletRepository 21 .ctor - Creating BiletRepository 
08 May 2023 16:31:41,123 INFO  MPP_Csharp_Server_Client.FlightPersistence.repository.BiletTuristRepository 18 .ctor - Creating BiletTuristRepository 
08 May 2023 16:32:40,009 INFO  MPP_Csharp_Server_Client.FlightPersistence.repository.BiletRepository 75 save - Entering ... with value MPP_Csharp_Server_Client.FlightModel.domain.Bilet
08 May 2023 16:34:39,380 INFO  MPP_Csharp_Server_Client.FlightPersistence.repository.UserRepository 21 .ctor - Creating UserRepository 
08 May 2023 16:34:39,410 INFO  MPP_Csharp_Server_Client.FlightPersistence.repository.ZborRepository 22 .ctor - Creating ZborRepository 
08 May 2023 16:34:39,412 INFO  MPP_Csharp_Server_Client.FlightPersistence.repository.BiletRepository 21 .ctor - Creating BiletRepository 
08 May 2023 16:34:39,413 INFO  MPP_Csharp_Server_Client.FlightPersistence.repository.BiletTuristRepository 18 .ctor - Creating BiletTuristRepository 
08 May 2023 16:36:14,636 INFO  MPP_Csharp_Server_Client.FlightPersistence.repository.BiletRepository 75 save - Entering ... with value MPP_Csharp_Server_Client.FlightModel.domain.Bilet
08 May 2023 16:39:43,732 INFO  MPP_Csharp_Server_Client.FlightPersistence.repository.UserRepository 21 .ctor - Creating UserRepository 
08 May 2023 16:39:43,758 INFO  MPP_Csharp_Server_Client.FlightPersistence.repository.ZborRepository 22 .ctor - Creating ZborRepository 
08 May 2023 16:39:43,759 INFO  MPP_Csharp_Server_Client.FlightPersistence.repository.BiletRepository 21 .ctor - Creating BiletRepository 
08 May 2023 16:39:43,759 INFO  MPP_Csharp_Server_Client.FlightPersistence.repository.BiletTuristRepository 18 .ctor - Creating BiletTuristRepository 
08 May 2023 16:40:37,332 INFO  MPP_Csharp_Server_Client.FlightPersistence.repository.BiletRepository 75 save - Entering ... with value MPP_Csharp_Server_Client.FlightModel.domain.Bilet
08 May 2023 16:41:00,010 INFO  MPP_Csharp_Server_Client.FlightPersistence.repository.UserRepository 21 .ctor - Creating UserRepository 
08 May 2023 16:41:00,039 INFO  MPP_Csharp_Server_Client.FlightPersistence.repository.ZborRepository 22 .ctor - Creating ZborRepository 
08 May 2023 16:41:00,039 INFO  MPP_Csharp_Server_Client.FlightPersistence.repository.BiletRepository 21 .ctor - Creating BiletRepository 
08 May 2023 16:41:00,040 INFO  MPP_Csharp_Server_Client.FlightPersistence.repository.BiletTuristRepository 18 .ctor - Creating BiletTuristRepository 
08 May 2023 16:41:50,082 INFO  MPP_Csharp_Server_Client.FlightPersistence.repository.BiletRepository 75 save - Entering ... with value MPP_Csharp_Server_Client.FlightModel.domain.Bilet
08 May 2023 16:42:15,069 INFO  MPP_Csharp_Server_Client.FlightPersistence.repository.UserRepository 21 .ctor - Creating UserRepository 
08 May 2023 16:42:15,099 INFO  MPP_Csharp_Server_Client.FlightPersistence.repository.ZborRepository 22 .ctor - Creating ZborRepository 
08 May 2023 16:42:15,100 INFO  MPP_Csharp_Server_Client.FlightPersistence.repository.BiletRepository 21 .ctor - Creating BiletRepository 
08 May 2023 16:42:15,100 INFO  MPP_Csharp_Server_Client.FlightPersistence.repository.BiletTuristRepository 18 .ctor - Creating BiletTuristRepository 
08 May 2023 16:43:02,987 INFO  MPP_Csharp_Server_Client.FlightPersistence.repository.BiletRepository 75 save - Entering ... with value MPP_Csharp_Server_Client.FlightModel.domain.Bilet
08 May 2023 16:45:44,818 INFO  MPP_Csharp_Server_Client.FlightPersistence.repository.UserRepository 21 .ctor - Creating UserRepository 
08 May 2023 16:45:44,844 INFO  MPP_Csharp_Server_Client.FlightPersistence.repository.ZborRepository 22 .ctor - Creating ZborRepository 
08 May 2023 16:45:44,844 INFO  MPP_Csharp_Server_Client.FlightPersistence.repository.BiletRepository 21 .ctor - Creating BiletRepository 
08 May 2023 16:45:44,844 INFO  MPP_Csharp_Server_Client.FlightPersistence.repository.BiletTuristRepository 18 .ctor - Creating BiletTuristRepository 
08 May 2023 16:46:29,399 INFO  MPP_Csharp_Server_Client.FlightPersistence.repository.BiletRepository 75 save - Entering ... with value MPP_Csharp_Server_Client.FlightModel.domain.Bilet
08 May 2023 16:47:39,629 INFO  MPP_Csharp_Server_Client.FlightPersistence.repository.UserRepository 21 .ctor - Creating UserRepository 
08 May 2023 16:47:39,654 INFO  MPP_Csharp_Server_Client.FlightPersistence.repository.ZborRepository 22 .ctor - Creating ZborRepository 
08 May 2023 16:47:39,655 INFO  MPP_Csharp_Server_Client.FlightPersistence.repository.BiletRepository 21 .ctor - Creating BiletRepository 
08 May 2023 16:47:39,655 INFO  MPP_Csharp_Server_Client.FlightPersistence.repository.BiletTuristRepository 18 .ctor - Creating BiletTuristRepository 
08 May 2023 16:48:24,037 INFO  MPP_Csharp_Server_Client.FlightPersistence.repository.BiletRepository 75 save - Entering ... with value MPP_Csharp_Server_Client.FlightModel.domain.Bilet
08 May 2023 16:52:20,648 INFO  MPP_Csharp_Server_Client.FlightPersistence.repository.UserRepository 21 .ctor - Creating UserRepository 
08 May 2023 16:52:20,678 INFO  MPP_Csharp_Server_Client.FlightPersistence.repository.ZborRepository 22 .ctor - Creating ZborRepository 
08 May 2023 16:52:20,679 INFO  MPP_Csharp_Server_Client.FlightPersistence.repository.BiletRepository 21 .ctor - Creating BiletRepository 
08 May 2023 16:52:20,680 INFO  MPP_Csharp_Server_Client.FlightPersistence.repository.BiletTuristRepository 18 .ctor - Creating BiletTuristRepository 
08 May 2023 16:53:07,157 INFO  MPP_Csharp_Server_Client.FlightPersistence.repository.BiletRepository 75 save - Entering ... with value MPP_Csharp_Server_Client.FlightModel.domain.Bilet
08 May 2023 16:53:49,808 INFO  MPP_Csharp_Server_Client.FlightPersistence.repository.BiletRepository 119 save - Saved MPP_Csharp_Server_Client.FlightModel.domain.Bilet instances
08 May 2023 16:54:56,033 INFO  MPP_Csharp_Server_Client.FlightPersistence.repository.UserRepository 21 .ctor - Creating UserRepository 
08 May 2023 16:54:56,059 INFO  MPP_Csharp_Server_Client.FlightPersistence.repository.ZborRepository 22 .ctor - Creating ZborRepository 
08 May 2023 16:54:56,059 INFO  MPP_Csharp_Server_Client.FlightPersistence.repository.BiletRepository 21 .ctor - Creating BiletRepository 
08 May 2023 16:54:56,060 INFO  MPP_Csharp_Server_Client.FlightPersistence.repository.BiletTuristRepository 18 .ctor - Creating BiletTuristRepository 
08 May 2023 16:55:27,853 INFO  MPP_Csharp_Server_Client.FlightPersistence.repository.BiletRepository 75 save - Entering ... with value MPP_Csharp_Server_Client.FlightModel.domain.Bilet
08 May 2023 16:55:27,873 INFO  MPP_Csharp_Server_Client.FlightPersistence.repository.BiletRepository 119 save - Saved MPP_Csharp_Server_Client.FlightModel.domain.Bilet instances
08 May 2023 16:56:23,135 INFO  MPP_Csharp_Server_Client.FlightPersistence.repository.UserRepository 21 .ctor - Creating UserRepository 
08 May 2023 16:56:23,160 INFO  MPP_Csharp_Server_Client.FlightPersistence.repository.ZborRepository 22 .ctor - Creating ZborRepository 
08 May 2023 16:56:23,160 INFO  MPP_Csharp_Server_Client.FlightPersistence.repository.BiletRepository 21 .ctor - Creating BiletRepository 
08 May 2023 16:56:23,161 INFO  MPP_Csharp_Server_Client.FlightPersistence.repository.BiletTuristRepository 18 .ctor - Creating BiletTuristRepository 
08 May 2023 16:57:42,308 INFO  MPP_Csharp_Server_Client.FlightPersistence.repository.BiletRepository 75 save - Entering ... with value MPP_Csharp_Server_Client.FlightModel.domain.Bilet
08 May 2023 16:57:42,343 INFO  MPP_Csharp_Server_Client.FlightPersistence.repository.BiletRepository 119 save - Saved MPP_Csharp_Server_Client.FlightModel.domain.Bilet instances
08 May 2023 16:57:57,439 INFO  MPP_Csharp_Server_Client.FlightPersistence.repository.BiletRepository 75 save - Entering ... with value MPP_Csharp_Server_Client.FlightModel.domain.Bilet
08 May 2023 16:57:57,445 INFO  MPP_Csharp_Server_Client.FlightPersistence.repository.BiletRepository 119 save - Saved MPP_Csharp_Server_Client.FlightModel.domain.Bilet instances
08 May 2023 16:59:03,787 INFO  MPP_Csharp_Server_Client.FlightPersistence.repository.UserRepository 21 .ctor - Creating UserRepository 
08 May 2023 16:59:03,812 INFO  MPP_Csharp_Server_Client.FlightPersistence.repository.ZborRepository 22 .ctor - Creating ZborRepository 
08 May 2023 16:59:03,813 INFO  MPP_Csharp_Server_Client.FlightPersistence.repository.BiletRepository 21 .ctor - Creating BiletRepository 
08 May 2023 16:59:03,814 INFO  MPP_Csharp_Server_Client.FlightPersistence.repository.BiletTuristRepository 18 .ctor - Creating BiletTuristRepository 
08 May 2023 16:59:57,735 INFO  MPP_Csharp_Server_Client.FlightPersistence.repository.BiletRepository 75 save - Entering ... with value MPP_Csharp_Server_Client.FlightModel.domain.Bilet
08 May 2023 16:59:57,770 INFO  MPP_Csharp_Server_Client.FlightPersistence.repository.BiletRepository 119 save - Saved MPP_Csharp_Server_Client.FlightModel.domain.Bilet instances
08 May 2023 17:02:38,017 INFO  MPP_Csharp_Server_Client.FlightPersistence.repository.UserRepository 21 .ctor - Creating UserRepository 
08 May 2023 17:02:38,043 INFO  MPP_Csharp_Server_Client.FlightPersistence.repository.ZborRepository 22 .ctor - Creating ZborRepository 
08 May 2023 17:02:38,043 INFO  MPP_Csharp_Server_Client.FlightPersistence.repository.BiletRepository 21 .ctor - Creating BiletRepository 
08 May 2023 17:02:38,045 INFO  MPP_Csharp_Server_Client.FlightPersistence.repository.BiletTuristRepository 18 .ctor - Creating BiletTuristRepository 
08 May 2023 17:12:11,174 INFO  MPP_Csharp_Server_Client.FlightPersistence.repository.UserRepository 21 .ctor - Creating UserRepository 
08 May 2023 17:12:11,200 INFO  MPP_Csharp_Server_Client.FlightPersistence.repository.ZborRepository 22 .ctor - Creating ZborRepository 
08 May 2023 17:12:11,200 INFO  MPP_Csharp_Server_Client.FlightPersistence.repository.BiletRepository 21 .ctor - Creating BiletRepository 
08 May 2023 17:12:11,201 INFO  MPP_Csharp_Server_Client.FlightPersistence.repository.BiletTuristRepository 18 .ctor - Creating BiletTuristRepository 
08 May 2023 17:14:08,756 INFO  MPP_Csharp_Server_Client.FlightPersistence.repository.BiletRepository 75 save - Entering ... with value MPP_Csharp_Server_Client.FlightModel.domain.Bilet
08 May 2023 17:14:08,786 INFO  MPP_Csharp_Server_Client.FlightPersistence.repository.BiletRepository 119 save - Saved MPP_Csharp_Server_Client.FlightModel.domain.Bilet instances
08 May 2023 17:18:04,088 INFO  MPP_Csharp_Server_Client.FlightPersistence.repository.BiletRepository 75 save - Entering ... with value MPP_Csharp_Server_Client.FlightModel.domain.Bilet
08 May 2023 17:18:04,099 INFO  MPP_Csharp_Server_Client.FlightPersistence.repository.BiletRepository 119 save - Saved MPP_Csharp_Server_Client.FlightModel.domain.Bilet instances
11 May 2023 17:22:36,307 INFO  MPP_Csharp_Server_Client.FlightPersistence.repository.UserRepositoryORM 17 .ctor - Creating UserRepository
11 May 2023 17:22:36,409 INFO  MPP_Csharp_Server_Client.FlightPersistence.repository.ZborRepository 22 .ctor - Creating ZborRepository 
11 May 2023 17:22:36,412 INFO  MPP_Csharp_Server_Client.FlightPersistence.repository.BiletRepository 21 .ctor - Creating BiletRepository 
11 May 2023 17:22:36,413 INFO  MPP_Csharp_Server_Client.FlightPersistence.repository.BiletTuristRepository 18 .ctor - Creating BiletTuristRepository 
11 May 2023 17:26:59,552 INFO  MPP_Csharp_Server_Client.FlightPersistence.repository.UserRepositoryORM 17 .ctor - Creating UserRepository
11 May 2023 17:26:59,579 INFO  MPP_Csharp_Server_Client.FlightPersistence.repository.ZborRepository 22 .ctor - Creating ZborRepository 
11 May 2023 17:26:59,580 INFO  MPP_Csharp_Server_Client.FlightPersistence.repository.BiletRepository 21 .ctor - Creating BiletRepository 
11 May 2023 17:26:59,580 INFO  MPP_Csharp_Server_Client.FlightPersistence.repository.BiletTuristRepository 18 .ctor - Creating BiletTuristRepository 
11 May 2023 17:28:34,310 INFO  MPP_Csharp_Server_Client.FlightPersistence.repository.UserRepositoryORM 17 .ctor - Creating UserRepository
11 May 2023 17:28:34,349 INFO  MPP_Csharp_Server_Client.FlightPersistence.repository.ZborRepository 22 .ctor - Creating ZborRepository 
11 May 2023 17:28:34,350 INFO  MPP_Csharp_Server_Client.FlightPersistence.repository.BiletRepository 21 .ctor - Creating BiletRepository 
11 May 2023 17:28:34,350 INFO  MPP_Csharp_Server_Client.FlightPersistence.repository.BiletTuristRepository 18 .ctor - Creating BiletTuristRepository 
11 May 2023 17:30:48,969 INFO  MPP_Csharp_Server_Client.FlightPersistence.repository.UserRepositoryORM 17 .ctor - Creating UserRepository
11 May 2023 17:30:48,999 INFO  MPP_Csharp_Server_Client.FlightPersistence.repository.ZborRepository 22 .ctor - Creating ZborRepository 
11 May 2023 17:30:49,000 INFO  MPP_Csharp_Server_Client.FlightPersistence.repository.BiletRepository 21 .ctor - Creating BiletRepository 
11 May 2023 17:30:49,001 INFO  MPP_Csharp_Server_Client.FlightPersistence.repository.BiletTuristRepository 18 .ctor - Creating BiletTuristRepository 
11 May 2023 17:31:40,842 INFO  MPP_Csharp_Server_Client.FlightPersistence.repository.UserRepositoryORM 17 .ctor - Creating UserRepository
11 May 2023 17:31:40,869 INFO  MPP_Csharp_Server_Client.FlightPersistence.repository.ZborRepository 22 .ctor - Creating ZborRepository 
11 May 2023 17:31:40,870 INFO  MPP_Csharp_Server_Client.FlightPersistence.repository.BiletRepository 21 .ctor - Creating BiletRepository 
11 May 2023 17:31:40,870 INFO  MPP_Csharp_Server_Client.FlightPersistence.repository.BiletTuristRepository 18 .ctor - Creating BiletTuristRepository 
11 May 2023 17:42:09,802 INFO  MPP_Csharp_Server_Client.FlightPersistence.repository.UserRepositoryORM 17 .ctor - Creating UserRepository
11 May 2023 17:42:09,833 INFO  MPP_Csharp_Server_Client.FlightPersistence.repository.ZborRepository 22 .ctor - Creating ZborRepository 
11 May 2023 17:42:09,834 INFO  MPP_Csharp_Server_Client.FlightPersistence.repository.BiletRepository 21 .ctor - Creating BiletRepository 
11 May 2023 17:42:09,835 INFO  MPP_Csharp_Server_Client.FlightPersistence.repository.BiletTuristRepository 18 .ctor - Creating BiletTuristRepository 
11 May 2023 17:48:07,406 INFO  MPP_Csharp_Server_Client.FlightPersistence.repository.UserRepositoryORM 17 .ctor - Creating UserRepository
11 May 2023 17:48:07,433 INFO  MPP_Csharp_Server_Client.FlightPersistence.repository.ZborRepository 22 .ctor - Creating ZborRepository 
11 May 2023 17:48:07,434 INFO  MPP_Csharp_Server_Client.FlightPersistence.repository.BiletRepository 21 .ctor - Creating BiletRepository 
11 May 2023 17:48:07,434 INFO  MPP_Csharp_Server_Client.FlightPersistence.repository.BiletTuristRepository 18 .ctor - Creating BiletTuristRepository 
11 May 2023 17:50:28,789 INFO  MPP_Csharp_Server_Client.FlightPersistence.repository.UserRepositoryORM 17 .ctor - Creating UserRepository
11 May 2023 17:50:28,819 INFO  MPP_Csharp_Server_Client.FlightPersistence.repository.ZborRepository 22 .ctor - Creating ZborRepository 
11 May 2023 17:50:28,820 INFO  MPP_Csharp_Server_Client.FlightPersistence.repository.BiletRepository 21 .ctor - Creating BiletRepository 
11 May 2023 17:50:28,821 INFO  MPP_Csharp_Server_Client.FlightPersistence.repository.BiletTuristRepository 18 .ctor - Creating BiletTuristRepository 
11 May 2023 17:57:06,192 INFO  MPP_Csharp_Server_Client.FlightPersistence.repository.UserRepositoryORM 17 .ctor - Creating UserRepository
11 May 2023 17:57:06,223 INFO  MPP_Csharp_Server_Client.FlightPersistence.repository.ZborRepository 22 .ctor - Creating ZborRepository 
11 May 2023 17:57:06,223 INFO  MPP_Csharp_Server_Client.FlightPersistence.repository.BiletRepository 21 .ctor - Creating BiletRepository 
11 May 2023 17:57:06,223 INFO  MPP_Csharp_Server_Client.FlightPersistence.repository.BiletTuristRepository 18 .ctor - Creating BiletTuristRepository 
11 May 2023 17:58:54,646 INFO  MPP_Csharp_Server_Client.FlightPersistence.repository.UserRepositoryORM 17 .ctor - Creating UserRepository
11 May 2023 17:58:54,671 INFO  MPP_Csharp_Server_Client.FlightPersistence.repository.ZborRepository 22 .ctor - Creating ZborRepository 
11 May 2023 17:58:54,672 INFO  MPP_Csharp_Server_Client.FlightPersistence.repository.BiletRepository 21 .ctor - Creating BiletRepository 
11 May 2023 17:58:54,672 INFO  MPP_Csharp_Server_Client.FlightPersistence.repository.BiletTuristRepository 18 .ctor - Creating BiletTuristRepository 
11 May 2023 20:06:22,775 INFO  MPP_Csharp_Server_Client.FlightPersistence.repository.UserRepositoryORM 17 .ctor - Creating UserRepository
11 May 2023 20:06:22,831 INFO  MPP_Csharp_Server_Client.FlightPersistence.repository.ZborRepository 22 .ctor - Creating ZborRepository 
11 May 2023 20:06:22,832 INFO  MPP_Csharp_Server_Client.FlightPersistence.repository.BiletRepository 21 .ctor - Creating BiletRepository 
11 May 2023 20:06:22,833 INFO  MPP_Csharp_Server_Client.FlightPersistence.repository.BiletTuristRepository 18 .ctor - Creating BiletTuristRepository 
11 May 2023 20:07:12,680 INFO  MPP_Csharp_Server_Client.FlightPersistence.repository.UserRepositoryORM 17 .ctor - Creating UserRepository
11 May 2023 20:07:12,707 INFO  MPP_Csharp_Server_Client.FlightPersistence.repository.ZborRepository 22 .ctor - Creating ZborRepository 
11 May 2023 20:07:12,708 INFO  MPP_Csharp_Server_Client.FlightPersistence.repository.BiletRepository 21 .ctor - Creating BiletRepository 
11 May 2023 20:07:12,708 INFO  MPP_Csharp_Server_Client.FlightPersistence.repository.BiletTuristRepository 18 .ctor - Creating BiletTuristRepository 
11 May 2023 20:08:02,161 INFO  MPP_Csharp_Server_Client.FlightPersistence.repository.UserRepositoryORM 17 .ctor - Creating UserRepository
11 May 2023 20:08:02,189 INFO  MPP_Csharp_Server_Client.FlightPersistence.repository.ZborRepository 22 .ctor - Creating ZborRepository 
11 May 2023 20:08:02,189 INFO  MPP_Csharp_Server_Client.FlightPersistence.repository.BiletRepository 21 .ctor - Creating BiletRepository 
11 May 2023 20:08:02,190 INFO  MPP_Csharp_Server_Client.FlightPersistence.repository.BiletTuristRepository 18 .ctor - Creating BiletTuristRepository 
11 May 2023 20:21:58,973 INFO  MPP_Csharp_Server_Client.FlightPersistence.repository.UserRepositoryORM 17 .ctor - Creating UserRepository
11 May 2023 20:21:58,998 INFO  MPP_Csharp_Server_Client.FlightPersistence.repository.ZborRepository 22 .ctor - Creating ZborRepository 
11 May 2023 20:21:59,000 INFO  MPP_Csharp_Server_Client.FlightPersistence.repository.BiletRepository 21 .ctor - Creating BiletRepository 
11 May 2023 20:21:59,000 INFO  MPP_Csharp_Server_Client.FlightPersistence.repository.BiletTuristRepository 18 .ctor - Creating BiletTuristRepository 
11 May 2023 20:22:56,845 INFO  MPP_Csharp_Server_Client.FlightPersistence.repository.UserRepositoryORM 17 .ctor - Creating UserRepository
11 May 2023 20:22:56,871 INFO  MPP_Csharp_Server_Client.FlightPersistence.repository.ZborRepository 22 .ctor - Creating ZborRepository 
11 May 2023 20:22:56,872 INFO  MPP_Csharp_Server_Client.FlightPersistence.repository.BiletRepository 21 .ctor - Creating BiletRepository 
11 May 2023 20:22:56,872 INFO  MPP_Csharp_Server_Client.FlightPersistence.repository.BiletTuristRepository 18 .ctor - Creating BiletTuristRepository 
11 May 2023 20:23:32,941 INFO  MPP_Csharp_Server_Client.FlightPersistence.repository.UserRepositoryORM 17 .ctor - Creating UserRepository
11 May 2023 20:23:32,966 INFO  MPP_Csharp_Server_Client.FlightPersistence.repository.ZborRepository 22 .ctor - Creating ZborRepository 
11 May 2023 20:23:32,967 INFO  MPP_Csharp_Server_Client.FlightPersistence.repository.BiletRepository 21 .ctor - Creating BiletRepository 
11 May 2023 20:23:32,968 INFO  MPP_Csharp_Server_Client.FlightPersistence.repository.BiletTuristRepository 18 .ctor - Creating BiletTuristRepository 
11 May 2023 20:39:46,305 INFO  MPP_Csharp_Server_Client.FlightPersistence.repository.UserRepositoryORM 17 .ctor - Creating UserRepository
11 May 2023 20:39:46,345 INFO  MPP_Csharp_Server_Client.FlightPersistence.repository.ZborRepository 22 .ctor - Creating ZborRepository 
11 May 2023 20:39:46,345 INFO  MPP_Csharp_Server_Client.FlightPersistence.repository.BiletRepository 21 .ctor - Creating BiletRepository 
11 May 2023 20:39:46,346 INFO  MPP_Csharp_Server_Client.FlightPersistence.repository.BiletTuristRepository 18 .ctor - Creating BiletTuristRepository 
11 May 2023 20:40:57,551 INFO  MPP_Csharp_Server_Client.FlightPersistence.repository.UserRepositoryORM 17 .ctor - Creating UserRepository
11 May 2023 20:40:57,578 INFO  MPP_Csharp_Server_Client.FlightPersistence.repository.ZborRepository 22 .ctor - Creating ZborRepository 
11 May 2023 20:40:57,579 INFO  MPP_Csharp_Server_Client.FlightPersistence.repository.BiletRepository 21 .ctor - Creating BiletRepository 
11 May 2023 20:40:57,581 INFO  MPP_Csharp_Server_Client.FlightPersistence.repository.BiletTuristRepository 18 .ctor - Creating BiletTuristRepository 
11 May 2023 20:41:23,322 INFO  MPP_Csharp_Server_Client.FlightPersistence.repository.UserRepositoryORM 17 .ctor - Creating UserRepository
11 May 2023 20:41:23,357 INFO  MPP_Csharp_Server_Client.FlightPersistence.repository.ZborRepository 22 .ctor - Creating ZborRepository 
11 May 2023 20:41:23,358 INFO  MPP_Csharp_Server_Client.FlightPersistence.repository.BiletRepository 21 .ctor - Creating BiletRepository 
11 May 2023 20:41:23,359 INFO  MPP_Csharp_Server_Client.FlightPersistence.repository.BiletTuristRepository 18 .ctor - Creating BiletTuristRepository 
11 May 2023 20:46:48,211 INFO  MPP_Csharp_Server_Client.FlightPersistence.repository.UserRepositoryORM 17 .ctor - Creating UserRepository
11 May 2023 20:46:48,237 INFO  MPP_Csharp_Server_Client.FlightPersistence.repository.ZborRepository 22 .ctor - Creating ZborRepository 
11 May 2023 20:46:48,237 INFO  MPP_Csharp_Server_Client.FlightPersistence.repository.BiletRepository 21 .ctor - Creating BiletRepository 
11 May 2023 20:46:48,238 INFO  MPP_Csharp_Server_Client.FlightPersistence.repository.BiletTuristRepository 18 .ctor - Creating BiletTuristRepository 
11 May 2023 20:47:00,057 INFO  MPP_Csharp_Server_Client.FlightPersistence.repository.UserRepositoryORM 17 .ctor - Creating UserRepository
11 May 2023 20:47:00,085 INFO  MPP_Csharp_Server_Client.FlightPersistence.repository.ZborRepository 22 .ctor - Creating ZborRepository 
11 May 2023 20:47:00,086 INFO  MPP_Csharp_Server_Client.FlightPersistence.repository.BiletRepository 21 .ctor - Creating BiletRepository 
11 May 2023 20:47:00,087 INFO  MPP_Csharp_Server_Client.FlightPersistence.repository.BiletTuristRepository 18 .ctor - Creating BiletTuristRepository 
11 May 2023 20:49:46,760 INFO  MPP_Csharp_Server_Client.FlightPersistence.repository.UserRepositoryORM 17 .ctor - Creating UserRepository
11 May 2023 20:49:46,793 INFO  MPP_Csharp_Server_Client.FlightPersistence.repository.ZborRepository 22 .ctor - Creating ZborRepository 
11 May 2023 20:49:46,794 INFO  MPP_Csharp_Server_Client.FlightPersistence.repository.BiletRepository 21 .ctor - Creating BiletRepository 
11 May 2023 20:49:46,795 INFO  MPP_Csharp_Server_Client.FlightPersistence.repository.BiletTuristRepository 18 .ctor - Creating BiletTuristRepository 
11 May 2023 20:51:38,989 INFO  MPP_Csharp_Server_Client.FlightPersistence.repository.UserRepositoryORM 17 .ctor - Creating UserRepository
11 May 2023 20:51:39,019 INFO  MPP_Csharp_Server_Client.FlightPersistence.repository.ZborRepository 22 .ctor - Creating ZborRepository 
11 May 2023 20:51:39,020 INFO  MPP_Csharp_Server_Client.FlightPersistence.repository.BiletRepository 21 .ctor - Creating BiletRepository 
11 May 2023 20:51:39,020 INFO  MPP_Csharp_Server_Client.FlightPersistence.repository.BiletTuristRepository 18 .ctor - Creating BiletTuristRepository 
11 May 2023 20:52:36,448 INFO  MPP_Csharp_Server_Client.FlightPersistence.repository.UserRepositoryORM 17 .ctor - Creating UserRepository
11 May 2023 20:52:36,474 INFO  MPP_Csharp_Server_Client.FlightPersistence.repository.ZborRepository 22 .ctor - Creating ZborRepository 
11 May 2023 20:52:36,475 INFO  MPP_Csharp_Server_Client.FlightPersistence.repository.BiletRepository 21 .ctor - Creating BiletRepository 
11 May 2023 20:52:36,475 INFO  MPP_Csharp_Server_Client.FlightPersistence.repository.BiletTuristRepository 18 .ctor - Creating BiletTuristRepository 
11 May 2023 20:53:28,131 INFO  MPP_Csharp_Server_Client.FlightPersistence.repository.UserRepositoryORM 17 .ctor - Creating UserRepository
11 May 2023 20:53:28,160 INFO  MPP_Csharp_Server_Client.FlightPersistence.repository.ZborRepository 22 .ctor - Creating ZborRepository 
11 May 2023 20:53:28,161 INFO  MPP_Csharp_Server_Client.FlightPersistence.repository.BiletRepository 21 .ctor - Creating BiletRepository 
11 May 2023 20:53:28,162 INFO  MPP_Csharp_Server_Client.FlightPersistence.repository.BiletTuristRepository 18 .ctor - Creating BiletTuristRepository 
11 May 2023 20:57:48,674 INFO  MPP_Csharp_Server_Client.FlightPersistence.repository.UserRepositoryORM 17 .ctor - Creating UserRepository
11 May 2023 20:57:48,706 INFO  MPP_Csharp_Server_Client.FlightPersistence.repository.ZborRepository 22 .ctor - Creating ZborRepository 
11 May 2023 20:57:48,707 INFO  MPP_Csharp_Server_Client.FlightPersistence.repository.BiletRepository 21 .ctor - Creating BiletRepository 
11 May 2023 20:57:48,707 INFO  MPP_Csharp_Server_Client.FlightPersistence.repository.BiletTuristRepository 18 .ctor - Creating BiletTuristRepository 
11 May 2023 21:04:51,094 INFO  MPP_Csharp_Server_Client.FlightPersistence.repository.UserRepositoryORM 17 .ctor - Creating UserRepository
11 May 2023 21:04:51,125 INFO  MPP_Csharp_Server_Client.FlightPersistence.repository.ZborRepository 22 .ctor - Creating ZborRepository 
11 May 2023 21:04:51,126 INFO  MPP_Csharp_Server_Client.FlightPersistence.repository.BiletRepository 21 .ctor - Creating BiletRepository 
11 May 2023 21:04:51,127 INFO  MPP_Csharp_Server_Client.FlightPersistence.repository.BiletTuristRepository 18 .ctor - Creating BiletTuristRepository 
11 May 2023 21:05:56,561 INFO  MPP_Csharp_Server_Client.FlightPersistence.repository.UserRepositoryORM 17 .ctor - Creating UserRepository
11 May 2023 21:05:56,586 INFO  MPP_Csharp_Server_Client.FlightPersistence.repository.ZborRepository 22 .ctor - Creating ZborRepository 
11 May 2023 21:05:56,587 INFO  MPP_Csharp_Server_Client.FlightPersistence.repository.BiletRepository 21 .ctor - Creating BiletRepository 
11 May 2023 21:05:56,587 INFO  MPP_Csharp_Server_Client.FlightPersistence.repository.BiletTuristRepository 18 .ctor - Creating BiletTuristRepository 
11 May 2023 21:56:36,517 INFO  MPP_Csharp_Server_Client.FlightPersistence.repository.UserRepository 21 .ctor - Creating UserRepository 
11 May 2023 21:56:36,544 INFO  MPP_Csharp_Server_Client.FlightPersistence.repository.ZborRepository 22 .ctor - Creating ZborRepository 
11 May 2023 21:56:36,545 INFO  MPP_Csharp_Server_Client.FlightPersistence.repository.BiletRepository 21 .ctor - Creating BiletRepository 
11 May 2023 21:56:36,546 INFO  MPP_Csharp_Server_Client.FlightPersistence.repository.BiletTuristRepository 18 .ctor - Creating BiletTuristRepository 
13 May 2023 13:06:22,140 INFO  MPP_Csharp_Server_Client.FlightPersistence.repository.UserRepository 21 .ctor - Creating UserRepository 
13 May 2023 13:06:22,229 INFO  MPP_Csharp_Server_Client.FlightPersistence.repository.ZborRepository 22 .ctor - Creating ZborRepository 
13 May 2023 13:06:22,229 INFO  MPP_Csharp_Server_Client.FlightPersistence.repository.BiletRepository 21 .ctor - Creating BiletRepository 
13 May 2023 13:06:22,229 INFO  MPP_Csharp_Server_Client.FlightPersistence.repository.BiletTuristRepository 18 .ctor - Creating BiletTuristRepository 
13 May 2023 14:54:16,602 INFO  MPP_Csharp_Server_Client.FlightPersistence.repository.UserRepository 21 .ctor - Creating UserRepository 
13 May 2023 14:54:16,673 INFO  MPP_Csharp_Server_Client.FlightPersistence.repository.ZborRepository 22 .ctor - Creating ZborRepository 
13 May 2023 14:54:16,674 INFO  MPP_Csharp_Server_Client.FlightPersistence.repository.BiletRepository 21 .ctor - Creating BiletRepository 
13 May 2023 14:54:16,675 INFO  MPP_Csharp_Server_Client.FlightPersistence.repository.BiletTuristRepository 18 .ctor - Creating BiletTuristRepository 
